<?xml version="1.0" encoding="UTF-8" ?>
<testsuites>
<testsuite name="FilterActionCreator" errors="0" tests="1" failures="0" time="0.06" timestamp="2015-05-01T21:04:21">
  <testcase classname="FilterActionCreator" name="calls dispatcher when fired" time="0.059"></testcase>
</testsuite>
</testsuites>